<?xml version="1.0" encoding="UTF-8"?>
<testng-results ignored="0" total="1" passed="0" failed="1" skipped="0">
  <reporter-output>
  </reporter-output>
  <suite started-at="2025-04-16T17:52:18 IST" name="Suite" finished-at="2025-04-16T17:53:13 IST" duration-ms="55834">
    <groups>
    </groups>
    <test started-at="2025-04-16T17:52:18 IST" name="Test" finished-at="2025-04-16T17:53:13 IST" duration-ms="55834">
      <class name="com.cms.testcases.TimeOverlappingScenarioTest">
        <test-method is-config="true" signature="openUrl(java.lang.String)[pri:0, instance:com.cms.testcases.TimeOverlappingScenarioTest@217ed35e]" started-at="2025-04-16T17:52:18 IST" name="openUrl" finished-at="2025-04-16T17:52:24 IST" duration-ms="5986" status="PASS">
          <params>
            <param index="0">
              <value>
                <![CDATA[chrome]]>
              </value>
            </param>
          </params>
          <reporter-output>
          </reporter-output>
        </test-method> <!-- openUrl -->
        <test-method signature="ValidateUserAccessPermission()[pri:1, instance:com.cms.testcases.TimeOverlappingScenarioTest@217ed35e]" started-at="2025-04-16T17:52:24 IST" name="ValidateUserAccessPermission" finished-at="2025-04-16T17:53:12 IST" duration-ms="48596" status="FAIL">
          <exception class="java.lang.AssertionError">
            <message>
              <![CDATA[The following asserts failed:
expected [Timesheet created successfully!] but found [Time entry overlaps with an existing timesheet.]]]>
            </message>
            <full-stacktrace>
              <![CDATA[java.lang.AssertionError: The following asserts failed:
expected [Timesheet created successfully!] but found [Time entry overlaps with an existing timesheet.]
at org.testng.asserts.SoftAssert.assertAll(SoftAssert.java:47)
at org.testng.asserts.SoftAssert.assertAll(SoftAssert.java:31)
at com.cms.testcases.TimeOverlappingScenarioTest.ValidateUserAccessPermission(TimeOverlappingScenarioTest.java:117)
at java.base/jdk.internal.reflect.DirectMethodHandleAccessor.invoke(DirectMethodHandleAccessor.java:103)
at java.base/java.lang.reflect.Method.invoke(Method.java:580)
at org.testng.internal.MethodInvocationHelper.invokeMethod(MethodInvocationHelper.java:133)
at org.testng.internal.TestInvoker.invokeMethod(TestInvoker.java:598)
at org.testng.internal.TestInvoker.invokeTestMethod(TestInvoker.java:173)
at org.testng.internal.MethodRunner.runInSequence(MethodRunner.java:46)
at org.testng.internal.TestInvoker$MethodInvocationAgent.invoke(TestInvoker.java:824)
at org.testng.internal.TestInvoker.invokeTestMethods(TestInvoker.java:146)
at org.testng.internal.TestMethodWorker.invokeTestMethods(TestMethodWorker.java:146)
at org.testng.internal.TestMethodWorker.run(TestMethodWorker.java:128)
at java.base/java.util.ArrayList.forEach(ArrayList.java:1596)
at org.testng.TestRunner.privateRun(TestRunner.java:794)
at org.testng.TestRunner.run(TestRunner.java:596)
at org.testng.SuiteRunner.runTest(SuiteRunner.java:377)
at org.testng.SuiteRunner.runSequentially(SuiteRunner.java:371)
at org.testng.SuiteRunner.privateRun(SuiteRunner.java:332)
at org.testng.SuiteRunner.run(SuiteRunner.java:276)
at org.testng.SuiteRunnerWorker.runSuite(SuiteRunnerWorker.java:53)
at org.testng.SuiteRunnerWorker.run(SuiteRunnerWorker.java:96)
at org.testng.TestNG.runSuitesSequentially(TestNG.java:1212)
at org.testng.TestNG.runSuitesLocally(TestNG.java:1134)
at org.testng.TestNG.runSuites(TestNG.java:1063)
at org.testng.TestNG.run(TestNG.java:1031)
at org.testng.remote.AbstractRemoteTestNG.run(AbstractRemoteTestNG.java:115)
at org.testng.remote.RemoteTestNG.initAndRun(RemoteTestNG.java:251)
at org.testng.remote.RemoteTestNG.main(RemoteTestNG.java:77)
]]>
            </full-stacktrace>
          </exception> <!-- java.lang.AssertionError -->
          <reporter-output>
          </reporter-output>
        </test-method> <!-- ValidateUserAccessPermission -->
        <test-method is-config="true" signature="closebrowser()[pri:0, instance:com.cms.testcases.TimeOverlappingScenarioTest@217ed35e]" started-at="2025-04-16T17:53:13 IST" name="closebrowser" finished-at="2025-04-16T17:53:13 IST" duration-ms="678" status="PASS">
          <reporter-output>
          </reporter-output>
        </test-method> <!-- closebrowser -->
      </class> <!-- com.cms.testcases.TimeOverlappingScenarioTest -->
    </test> <!-- Test -->
  </suite> <!-- Suite -->
</testng-results>
