<?xml version="1.0" encoding="UTF-8"?>
<!-- Generated by org.testng.reporters.JUnitReportReporter -->
<testsuite hostname="AmitKumar-AtlasAdm" failures="1" tests="14" name="com.cms.testcases.E2ETest" time="347.131" errors="0" timestamp="2025-01-14T18:02:02 IST" skipped="0">
  <testcase classname="com.cms.testcases.E2ETest" name="VerifyAddNewAccountFunctionality" time="58.751"/>
  <system-out/>
  <testcase classname="com.cms.testcases.E2ETest" name="GetAccount" time="6.494"/>
  <system-out/>
  <testcase classname="com.cms.testcases.E2ETest" name="DeleteAccount" time="4.731"/>
  <system-out/>
  <testcase classname="com.cms.testcases.E2ETest" name="VerifyAddNewContactFunctionality" time="143.044"/>
  <system-out/>
  <testcase classname="com.cms.testcases.E2ETest" name="GetContact" time="4.418"/>
  <system-out/>
  <testcase classname="com.cms.testcases.E2ETest" name="DeleteContact" time="4.381"/>
  <system-out/>
  <testcase classname="com.cms.testcases.E2ETest" name="VerifyAddNewProjectFunctionality" time="36.127"/>
  <system-out/>
  <testcase classname="com.cms.testcases.E2ETest" name="GetProject" time="4.245"/>
  <system-out/>
  <testcase classname="com.cms.testcases.E2ETest" name="DeleteProject" time="4.211"/>
  <system-out/>
  <testcase classname="com.cms.testcases.E2ETest" name="VerifyAddNewTeamFunctionality" time="19.051"/>
  <system-out/>
  <testcase classname="com.cms.testcases.E2ETest" name="GetTeam2" time="4.407"/>
  <system-out/>
  <testcase classname="com.cms.testcases.E2ETest" name="DeleteTeam2" time="4.632"/>
  <system-out/>
  <testcase classname="com.cms.testcases.E2ETest" name="VerifyProposalModule" time="48.374"/>
  <system-out/>
  <testcase classname="com.cms.testcases.E2ETest" name="AllValidationCheck" time="4.265">
    <failure message="The following asserts failed:
	expected [Project not created successfully.] but found [Project created successfully.]" type="java.lang.AssertionError">
      <![CDATA[java.lang.AssertionError: The following asserts failed:
expected [Project not created successfully.] but found [Project created successfully.]
at org.testng.asserts.SoftAssert.assertAll(SoftAssert.java:47)
at org.testng.asserts.SoftAssert.assertAll(SoftAssert.java:31)
at com.cms.testcases.E2ETest.AllValidationCheck(E2ETest.java:1024)
at java.base/jdk.internal.reflect.DirectMethodHandleAccessor.invoke(DirectMethodHandleAccessor.java:103)
at java.base/java.lang.reflect.Method.invoke(Method.java:580)
at org.testng.internal.MethodInvocationHelper.invokeMethod(MethodInvocationHelper.java:133)
at org.testng.internal.TestInvoker.invokeMethod(TestInvoker.java:598)
at org.testng.internal.TestInvoker.invokeTestMethod(TestInvoker.java:173)
at org.testng.internal.MethodRunner.runInSequence(MethodRunner.java:46)
at org.testng.internal.TestInvoker$MethodInvocationAgent.invoke(TestInvoker.java:824)
at org.testng.internal.TestInvoker.invokeTestMethods(TestInvoker.java:146)
at org.testng.internal.TestMethodWorker.invokeTestMethods(TestMethodWorker.java:146)
at org.testng.internal.TestMethodWorker.run(TestMethodWorker.java:128)
at java.base/java.util.ArrayList.forEach(ArrayList.java:1596)
at org.testng.TestRunner.privateRun(TestRunner.java:794)
at org.testng.TestRunner.run(TestRunner.java:596)
at org.testng.SuiteRunner.runTest(SuiteRunner.java:377)
at org.testng.SuiteRunner.runSequentially(SuiteRunner.java:371)
at org.testng.SuiteRunner.privateRun(SuiteRunner.java:332)
at org.testng.SuiteRunner.run(SuiteRunner.java:276)
at org.testng.SuiteRunnerWorker.runSuite(SuiteRunnerWorker.java:53)
at org.testng.SuiteRunnerWorker.run(SuiteRunnerWorker.java:96)
at org.testng.TestNG.runSuitesSequentially(TestNG.java:1212)
at org.testng.TestNG.runSuitesLocally(TestNG.java:1134)
at org.testng.TestNG.runSuites(TestNG.java:1063)
at org.testng.TestNG.run(TestNG.java:1031)
at org.testng.remote.AbstractRemoteTestNG.run(AbstractRemoteTestNG.java:115)
at org.testng.remote.RemoteTestNG.initAndRun(RemoteTestNG.java:251)
at org.testng.remote.RemoteTestNG.main(RemoteTestNG.java:77)
]]>
    </failure>
  </testcase> <!-- AllValidationCheck -->
  <system-out/>
</testsuite> <!-- com.cms.testcases.E2ETest -->
